mode: set
github.com/anjulapaulus/schema_registry/serde/avro.go:11.32,15.2 1 0
github.com/anjulapaulus/schema_registry/serde/avro.go:17.58,19.2 1 0
github.com/anjulapaulus/schema_registry/serde/avro.go:21.79,23.2 1 0
github.com/anjulapaulus/schema_registry/serde/avro.go:25.84,27.2 1 0
github.com/anjulapaulus/schema_registry/serde/int.go:11.30,13.2 1 0
github.com/anjulapaulus/schema_registry/serde/int.go:15.58,18.9 2 0
github.com/anjulapaulus/schema_registry/serde/int.go:21.2,21.38 1 0
github.com/anjulapaulus/schema_registry/serde/int.go:18.9,20.3 1 0
github.com/anjulapaulus/schema_registry/serde/int.go:24.61,26.16 2 0
github.com/anjulapaulus/schema_registry/serde/int.go:29.2,29.16 1 0
github.com/anjulapaulus/schema_registry/serde/int.go:26.16,28.3 1 0
github.com/anjulapaulus/schema_registry/serde/json.go:7.32,9.2 1 0
github.com/anjulapaulus/schema_registry/serde/json.go:11.62,13.2 1 0
github.com/anjulapaulus/schema_registry/serde/json.go:15.61,18.2 1 0
github.com/anjulapaulus/schema_registry/serde/string.go:10.36,12.2 1 0
github.com/anjulapaulus/schema_registry/serde/string.go:14.64,16.9 2 0
github.com/anjulapaulus/schema_registry/serde/string.go:19.2,19.25 1 0
github.com/anjulapaulus/schema_registry/serde/string.go:16.9,18.3 1 0
github.com/anjulapaulus/schema_registry/serde/string.go:22.64,24.2 1 0
github.com/anjulapaulus/schema_registry/client.go:49.56,50.35 1 1
github.com/anjulapaulus/schema_registry/client.go:50.35,52.3 1 1
github.com/anjulapaulus/schema_registry/client.go:55.49,70.2 3 1
github.com/anjulapaulus/schema_registry/client.go:73.73,75.26 2 1
github.com/anjulapaulus/schema_registry/client.go:78.2,78.46 1 1
github.com/anjulapaulus/schema_registry/client.go:81.2,88.15 3 1
github.com/anjulapaulus/schema_registry/client.go:75.26,77.3 1 1
github.com/anjulapaulus/schema_registry/client.go:78.46,80.3 1 0
github.com/anjulapaulus/schema_registry/client.go:92.62,94.99 2 1
github.com/anjulapaulus/schema_registry/client.go:98.2,98.28 1 1
github.com/anjulapaulus/schema_registry/client.go:94.99,96.3 1 1
github.com/anjulapaulus/schema_registry/client.go:102.56,105.16 3 1
github.com/anjulapaulus/schema_registry/client.go:109.2,109.22 1 1
github.com/anjulapaulus/schema_registry/client.go:105.16,107.3 1 1
github.com/anjulapaulus/schema_registry/client.go:113.67,116.16 3 1
github.com/anjulapaulus/schema_registry/client.go:120.2,120.22 1 1
github.com/anjulapaulus/schema_registry/client.go:116.16,118.3 1 1
github.com/anjulapaulus/schema_registry/client.go:124.96,127.16 3 1
github.com/anjulapaulus/schema_registry/client.go:131.2,131.21 1 1
github.com/anjulapaulus/schema_registry/client.go:127.16,129.3 1 1
github.com/anjulapaulus/schema_registry/client.go:135.80,138.16 3 1
github.com/anjulapaulus/schema_registry/client.go:142.2,142.21 1 1
github.com/anjulapaulus/schema_registry/client.go:138.16,140.3 1 1
github.com/anjulapaulus/schema_registry/client.go:145.86,148.16 3 1
github.com/anjulapaulus/schema_registry/client.go:151.2,151.21 1 0
github.com/anjulapaulus/schema_registry/client.go:148.16,150.3 1 1
github.com/anjulapaulus/schema_registry/client.go:154.79,156.15 2 1
github.com/anjulapaulus/schema_registry/client.go:161.2,165.16 4 1
github.com/anjulapaulus/schema_registry/client.go:168.2,168.15 1 1
github.com/anjulapaulus/schema_registry/client.go:172.2,172.28 1 1
github.com/anjulapaulus/schema_registry/client.go:178.2,178.51 1 1
github.com/anjulapaulus/schema_registry/client.go:156.15,159.3 2 1
github.com/anjulapaulus/schema_registry/client.go:165.16,167.3 1 1
github.com/anjulapaulus/schema_registry/client.go:168.15,170.3 1 1
github.com/anjulapaulus/schema_registry/client.go:172.28,176.3 3 1
github.com/anjulapaulus/schema_registry/client.go:190.31,191.21 1 1
github.com/anjulapaulus/schema_registry/client.go:195.2,195.56 1 1
github.com/anjulapaulus/schema_registry/client.go:191.21,193.3 1 1
github.com/anjulapaulus/schema_registry/mocks.go:13.69,15.2 1 1
github.com/anjulapaulus/schema_registry/registry.go:16.47,17.37 1 1
github.com/anjulapaulus/schema_registry/registry.go:17.37,19.3 1 1
github.com/anjulapaulus/schema_registry/registry.go:30.70,31.15 1 1
github.com/anjulapaulus/schema_registry/registry.go:34.2,35.26 2 1
github.com/anjulapaulus/schema_registry/registry.go:38.2,40.16 3 1
github.com/anjulapaulus/schema_registry/registry.go:44.2,44.24 1 1
github.com/anjulapaulus/schema_registry/registry.go:51.2,59.16 2 1
github.com/anjulapaulus/schema_registry/registry.go:31.15,33.3 1 1
github.com/anjulapaulus/schema_registry/registry.go:35.26,37.3 1 1
github.com/anjulapaulus/schema_registry/registry.go:40.16,43.3 1 0
github.com/anjulapaulus/schema_registry/registry.go:44.24,46.17 2 1
github.com/anjulapaulus/schema_registry/registry.go:46.17,48.4 1 0
github.com/anjulapaulus/schema_registry/registry.go:62.71,63.35 1 0
github.com/anjulapaulus/schema_registry/registry.go:66.2,67.66 2 0
github.com/anjulapaulus/schema_registry/registry.go:73.2,76.16 3 0
github.com/anjulapaulus/schema_registry/registry.go:80.2,96.12 8 0
github.com/anjulapaulus/schema_registry/registry.go:63.35,65.3 1 0
github.com/anjulapaulus/schema_registry/registry.go:67.66,68.21 1 0
github.com/anjulapaulus/schema_registry/registry.go:71.3,71.82 1 0
github.com/anjulapaulus/schema_registry/registry.go:68.21,70.4 1 0
github.com/anjulapaulus/schema_registry/registry.go:76.16,78.3 1 0
github.com/anjulapaulus/schema_registry/registry.go:99.72,100.19 1 0
github.com/anjulapaulus/schema_registry/registry.go:104.2,105.46 2 0
github.com/anjulapaulus/schema_registry/registry.go:108.2,111.16 3 0
github.com/anjulapaulus/schema_registry/registry.go:115.2,115.26 1 0
github.com/anjulapaulus/schema_registry/registry.go:119.2,120.16 2 0
github.com/anjulapaulus/schema_registry/registry.go:124.2,125.46 2 0
github.com/anjulapaulus/schema_registry/registry.go:128.2,130.17 2 0
github.com/anjulapaulus/schema_registry/registry.go:100.19,102.3 1 0
github.com/anjulapaulus/schema_registry/registry.go:105.46,107.3 1 0
github.com/anjulapaulus/schema_registry/registry.go:111.16,113.3 1 0
github.com/anjulapaulus/schema_registry/registry.go:115.26,117.3 1 0
github.com/anjulapaulus/schema_registry/registry.go:120.16,122.3 1 0
github.com/anjulapaulus/schema_registry/registry.go:125.46,127.3 1 0
